<?xml version="1.0" encoding="UTF-8"?>
<testng-results ignored="0" total="1" passed="1" failed="0" skipped="0">
  <reporter-output>
  </reporter-output>
  <suite started-at="2024-09-02T11:52:04 IST" name="Default suite" finished-at="2024-09-02T11:52:10 IST" duration-ms="6042">
    <groups>
    </groups>
    <test started-at="2024-09-02T11:52:04 IST" name="Default test" finished-at="2024-09-02T11:52:10 IST" duration-ms="6042">
      <class name="complexDataValidation.ComplexValidation">
        <test-method signature="complexDataValidation()[pri:0, instance:complexDataValidation.ComplexValidation@1de5f259]" started-at="2024-09-02T11:52:04 IST" name="complexDataValidation" finished-at="2024-09-02T11:52:10 IST" duration-ms="5961" status="PASS">
          <reporter-output>
          </reporter-output>
        </test-method> <!-- complexDataValidation -->
      </class> <!-- complexDataValidation.ComplexValidation -->
    </test> <!-- Default test -->
  </suite> <!-- Default suite -->
</testng-results>
